Started GET "/" for ::1 at 2019-10-28 12:40:26 -0300
  [1m[35m (1.1ms)[0m  [1m[34mSELECT sqlite_version(*)[0m

ActiveRecord::PendingMigrationError - Migrations are pending. To resolve this issue, run:

        rails db:migrate RAILS_ENV=development

:

Started POST "/__better_errors/a6147d1514d5a930/variables" for ::1 at 2019-10-28 12:40:26 -0300
  [1m[35m (0.9ms)[0m  [1m[34mSELECT sqlite_version(*)[0m
  [1m[35m (5.5ms)[0m  [1m[35mCREATE TABLE "schema_migrations" ("version" varchar NOT NULL PRIMARY KEY)[0m
  [1m[35m (5.3ms)[0m  [1m[35mCREATE TABLE "ar_internal_metadata" ("key" varchar NOT NULL PRIMARY KEY, "value" varchar, "created_at" datetime(6) NOT NULL, "updated_at" datetime(6) NOT NULL)[0m
  [1m[35m (0.1ms)[0m  [1m[34mSELECT "schema_migrations"."version" FROM "schema_migrations" ORDER BY "schema_migrations"."version" ASC[0m
Migrating to DeviseCreateUsers (20190810154059)
  [1m[35m (0.0ms)[0m  [1m[36mbegin transaction[0m
  [1m[35m (0.3ms)[0m  [1m[35mCREATE TABLE "users" ("id" integer PRIMARY KEY AUTOINCREMENT NOT NULL, "email" varchar DEFAULT '' NOT NULL, "encrypted_password" varchar DEFAULT '' NOT NULL, "reset_password_token" varchar, "reset_password_sent_at" datetime, "remember_created_at" datetime, "username" varchar, "name" varchar, "admin" boolean DEFAULT 0, "created_at" datetime(6) NOT NULL, "updated_at" datetime(6) NOT NULL)[0m
  [1m[35m (0.1ms)[0m  [1m[35mCREATE UNIQUE INDEX "index_users_on_email" ON "users" ("email")[0m
  [1m[35m (0.1ms)[0m  [1m[35mCREATE UNIQUE INDEX "index_users_on_reset_password_token" ON "users" ("reset_password_token")[0m
  [1m[36mprimary::SchemaMigration Create (0.1ms)[0m  [1m[32mINSERT INTO "schema_migrations" ("version") VALUES (?)[0m  [["version", "20190810154059"]]
  [1m[35m (6.1ms)[0m  [1m[36mcommit transaction[0m
Migrating to CreateFriendlyIdSlugs (20190810154107)
  [1m[35m (0.0ms)[0m  [1m[36mbegin transaction[0m
  [1m[35m (0.2ms)[0m  [1m[35mCREATE TABLE "friendly_id_slugs" ("id" integer PRIMARY KEY AUTOINCREMENT NOT NULL, "slug" varchar NOT NULL, "sluggable_id" integer NOT NULL, "sluggable_type" varchar(50), "scope" varchar, "created_at" datetime)[0m
  [1m[35m (0.1ms)[0m  [1m[35mCREATE  INDEX "index_friendly_id_slugs_on_sluggable_type_and_sluggable_id" ON "friendly_id_slugs" ("sluggable_type", "sluggable_id")[0m
  [1m[35m (0.1ms)[0m  [1m[35mCREATE  INDEX "index_friendly_id_slugs_on_slug_and_sluggable_type" ON "friendly_id_slugs" ("slug", "sluggable_type")[0m
  [1m[35m (0.1ms)[0m  [1m[35mCREATE UNIQUE INDEX "index_friendly_id_slugs_on_slug_and_sluggable_type_and_scope" ON "friendly_id_slugs" ("slug", "sluggable_type", "scope")[0m
  [1m[36mprimary::SchemaMigration Create (0.1ms)[0m  [1m[32mINSERT INTO "schema_migrations" ("version") VALUES (?)[0m  [["version", "20190810154107"]]
  [1m[35m (8.4ms)[0m  [1m[36mcommit transaction[0m
  [1m[36mActiveRecord::InternalMetadata Load (0.2ms)[0m  [1m[34mSELECT "ar_internal_metadata".* FROM "ar_internal_metadata" WHERE "ar_internal_metadata"."key" = ? LIMIT ?[0m  [["key", "environment"], ["LIMIT", 1]]
  [1m[35m (0.1ms)[0m  [1m[36mbegin transaction[0m
  [1m[36mActiveRecord::InternalMetadata Create (0.3ms)[0m  [1m[32mINSERT INTO "ar_internal_metadata" ("key", "value", "created_at", "updated_at") VALUES (?, ?, ?, ?)[0m  [["key", "environment"], ["value", "development"], ["created_at", "2019-10-28 15:40:38.670684"], ["updated_at", "2019-10-28 15:40:38.670684"]]
  [1m[35m (4.9ms)[0m  [1m[36mcommit transaction[0m
  [1m[35m (0.0ms)[0m  [1m[34mSELECT sqlite_version(*)[0m
  [1m[35m (0.1ms)[0m  [1m[34mSELECT "schema_migrations"."version" FROM "schema_migrations" ORDER BY "schema_migrations"."version" ASC[0m
Started GET "/" for ::1 at 2019-10-28 12:40:47 -0300
  [1m[35m (0.9ms)[0m  [1m[34mSELECT sqlite_version(*)[0m
  [1m[35m (0.1ms)[0m  [1m[34mSELECT "schema_migrations"."version" FROM "schema_migrations" ORDER BY "schema_migrations"."version" ASC[0m
Processing by HomeController#index as HTML
  Rendering home/index.html.erb within layouts/application
  Rendered home/index.html.erb within layouts/application (Duration: 2.5ms | Allocations: 352)
[Webpacker] Compiling…
[Webpacker] Compiled all packs in /home/gdguesser/ror-with-devise/public/packs
Completed 200 OK in 10600ms (Views: 10593.3ms | ActiveRecord: 0.0ms | Allocations: 1457732)


Started GET "/users/sign_in" for ::1 at 2019-10-28 12:41:03 -0300
Processing by Devise::SessionsController#new as HTML
  Rendering devise/sessions/new.html.erb within layouts/application
  Rendered devise/shared/_links.html.erb (Duration: 1.5ms | Allocations: 690)
  Rendered devise/shared/_form_wrap.html.erb (Duration: 0.5ms | Allocations: 120)
  Rendered devise/sessions/new.html.erb within layouts/application (Duration: 26.1ms | Allocations: 9578)
Completed 200 OK in 50ms (Views: 33.5ms | ActiveRecord: 0.9ms | Allocations: 23592)


Started GET "/users/sign_up" for ::1 at 2019-10-28 12:41:05 -0300
Processing by Devise::RegistrationsController#new as HTML
  Rendering devise/registrations/new.html.erb within layouts/application
  Rendered devise/shared/_error_messages.html.erb (Duration: 2.2ms | Allocations: 221)
  Rendered devise/shared/_links.html.erb (Duration: 0.4ms | Allocations: 134)
  Rendered devise/shared/_form_wrap.html.erb (Duration: 0.1ms | Allocations: 11)
  Rendered devise/registrations/new.html.erb within layouts/application (Duration: 10.4ms | Allocations: 2925)
Completed 200 OK in 19ms (Views: 17.5ms | ActiveRecord: 0.0ms | Allocations: 7981)


Started POST "/users" for ::1 at 2019-10-28 12:41:24 -0300
Processing by Devise::RegistrationsController#create as HTML
  Parameters: {"authenticity_token"=>"q0K3zOSY9si1WA1uTKMjc1yYJEAExtGK5rp5CuChFEurPiKPTTyOT+6v3m4LhNGu52iOQfGBpLiQx9jxd5X6SQ==", "user"=>{"username"=>"gdguesser", "name"=>"Gabriel Guesser", "email"=>"gdguesser@gmail.com", "password"=>"[FILTERED]", "password_confirmation"=>"[FILTERED]"}, "commit"=>"Sign up"}
  [1m[35m (0.1ms)[0m  [1m[36mbegin transaction[0m
  [1m[36mUser Exists? (0.1ms)[0m  [1m[34mSELECT 1 AS one FROM "users" WHERE "users"."email" = ? LIMIT ?[0m  [["email", "gdguesser@gmail.com"], ["LIMIT", 1]]
  [1m[36mUser Create (0.3ms)[0m  [1m[32mINSERT INTO "users" ("email", "encrypted_password", "username", "name", "created_at", "updated_at") VALUES (?, ?, ?, ?, ?, ?)[0m  [["email", "gdguesser@gmail.com"], ["encrypted_password", "$2a$11$JDMLah.tDB6wcgFXGngHIOrDR7MvEnbDjnk3GXrmB2cHvxPchXSti"], ["username", "gdguesser"], ["name", "Gabriel Guesser"], ["created_at", "2019-10-28 15:41:25.028539"], ["updated_at", "2019-10-28 15:41:25.028539"]]
  [1m[35m (7.0ms)[0m  [1m[36mcommit transaction[0m
Redirected to http://localhost:3000/
Completed 302 Found in 160ms (ActiveRecord: 7.5ms | Allocations: 12165)


Started GET "/" for ::1 at 2019-10-28 12:42:08 -0300
Processing by HomeController#index as HTML
  Rendering home/index.html.erb within layouts/application
  Rendered home/index.html.erb within layouts/application (Duration: 0.1ms | Allocations: 5)
  [1m[36mUser Load (0.8ms)[0m  [1m[34mSELECT "users".* FROM "users" WHERE "users"."id" = ? ORDER BY "users"."id" ASC LIMIT ?[0m  [["id", 1], ["LIMIT", 1]]
  ↳ app/views/layouts/application.html.erb:46
Completed 200 OK in 14ms (Views: 12.4ms | ActiveRecord: 0.8ms | Allocations: 5096)


Started GET "/" for ::1 at 2019-10-28 12:42:12 -0300
Processing by HomeController#index as HTML
  Rendering home/index.html.erb within layouts/application
  Rendered home/index.html.erb within layouts/application (Duration: 0.0ms | Allocations: 4)
  [1m[36mUser Load (0.2ms)[0m  [1m[34mSELECT "users".* FROM "users" WHERE "users"."id" = ? ORDER BY "users"."id" ASC LIMIT ?[0m  [["id", 1], ["LIMIT", 1]]
  ↳ app/views/layouts/application.html.erb:46
Completed 200 OK in 10ms (Views: 9.4ms | ActiveRecord: 0.2ms | Allocations: 4942)


Started GET "/" for ::1 at 2019-10-28 12:42:13 -0300
Processing by HomeController#index as HTML
  Rendering home/index.html.erb within layouts/application
  Rendered home/index.html.erb within layouts/application (Duration: 0.3ms | Allocations: 4)
  [1m[36mUser Load (0.2ms)[0m  [1m[34mSELECT "users".* FROM "users" WHERE "users"."id" = ? ORDER BY "users"."id" ASC LIMIT ?[0m  [["id", 1], ["LIMIT", 1]]
  ↳ app/views/layouts/application.html.erb:46
Completed 200 OK in 10ms (Views: 9.1ms | ActiveRecord: 0.2ms | Allocations: 4948)


Started DELETE "/users/sign_out" for ::1 at 2019-10-28 12:42:15 -0300
Processing by Devise::SessionsController#destroy as HTML
  Parameters: {"authenticity_token"=>"d0risD+AFkwO/A0zI2Vm32bCkR34B15X7gcP0wCPFUCZGiiRqC5ZvJM1G+FBiNUXBlUq97bP845MuZ7KGdLpyg=="}
  [1m[36mUser Load (0.1ms)[0m  [1m[34mSELECT "users".* FROM "users" WHERE "users"."id" = ? ORDER BY "users"."id" ASC LIMIT ?[0m  [["id", 1], ["LIMIT", 1]]
Redirected to http://localhost:3000/
Completed 302 Found in 13ms (ActiveRecord: 0.1ms | Allocations: 7856)


Started GET "/" for ::1 at 2019-10-28 12:42:15 -0300
Processing by HomeController#index as HTML
  Rendering home/index.html.erb within layouts/application
  Rendered home/index.html.erb within layouts/application (Duration: 0.0ms | Allocations: 5)
Completed 200 OK in 9ms (Views: 7.0ms | ActiveRecord: 0.0ms | Allocations: 4180)


Started GET "/" for ::1 at 2019-10-28 12:42:20 -0300
Processing by HomeController#index as HTML
  Rendering home/index.html.erb within layouts/application
  Rendered home/index.html.erb within layouts/application (Duration: 0.0ms | Allocations: 4)
Completed 200 OK in 6ms (Views: 5.1ms | ActiveRecord: 0.0ms | Allocations: 4153)


Started GET "/users/sign_in" for ::1 at 2019-10-28 12:42:21 -0300
Processing by Devise::SessionsController#new as HTML
  Rendering devise/sessions/new.html.erb within layouts/application
  Rendered devise/shared/_links.html.erb (Duration: 1.3ms | Allocations: 148)
  Rendered devise/shared/_form_wrap.html.erb (Duration: 0.1ms | Allocations: 11)
  Rendered devise/sessions/new.html.erb within layouts/application (Duration: 8.1ms | Allocations: 1228)
Completed 200 OK in 15ms (Views: 13.8ms | ActiveRecord: 0.0ms | Allocations: 5628)


Started POST "/users/sign_in" for ::1 at 2019-10-28 12:42:28 -0300
Processing by Devise::SessionsController#create as HTML
  Parameters: {"authenticity_token"=>"swJGL48JkPV6ozS2T2Oa1vJN0oIukem3ySloqACEvg6+mhASkwIuQ7C/hDFy5lVyK5vnYdGkXAQIVapXy/bppQ==", "user"=>{"login"=>"gdguesser", "password"=>"[FILTERED]", "remember_me"=>"0"}, "commit"=>"Log in"}
  [1m[36mUser Load (0.2ms)[0m  [1m[34mSELECT "users".* FROM "users" WHERE (lower(username) = 'gdguesser' OR lower(email) = 'gdguesser') ORDER BY "users"."id" ASC LIMIT ?[0m  [["LIMIT", 1]]
  ↳ app/models/user.rb:24:in `find_for_database_authentication'
Redirected to http://localhost:3000/
Completed 302 Found in 123ms (ActiveRecord: 0.2ms | Allocations: 2537)


Started GET "/" for ::1 at 2019-10-28 12:42:28 -0300
Processing by HomeController#index as HTML
  Rendering home/index.html.erb within layouts/application
  Rendered home/index.html.erb within layouts/application (Duration: 0.0ms | Allocations: 4)
  [1m[36mUser Load (0.1ms)[0m  [1m[34mSELECT "users".* FROM "users" WHERE "users"."id" = ? ORDER BY "users"."id" ASC LIMIT ?[0m  [["id", 1], ["LIMIT", 1]]
  ↳ app/views/layouts/application.html.erb:46
Completed 200 OK in 5ms (Views: 4.9ms | ActiveRecord: 0.1ms | Allocations: 4947)


Started DELETE "/users/sign_out" for ::1 at 2019-10-28 12:42:31 -0300
Processing by Devise::SessionsController#destroy as HTML
  Parameters: {"authenticity_token"=>"pCAKzlO9fRFMwlRWKJpwsBC4g941XfGqK15K07I5X4G/l2PhMUPXhbU2AjcVL1NB+SIsfY3mUnij58ty/zHo1w=="}
  [1m[36mUser Load (0.2ms)[0m  [1m[34mSELECT "users".* FROM "users" WHERE "users"."id" = ? ORDER BY "users"."id" ASC LIMIT ?[0m  [["id", 1], ["LIMIT", 1]]
Redirected to http://localhost:3000/
Completed 302 Found in 7ms (ActiveRecord: 0.2ms | Allocations: 2225)


Started GET "/" for ::1 at 2019-10-28 12:42:31 -0300
Processing by HomeController#index as HTML
  Rendering home/index.html.erb within layouts/application
  Rendered home/index.html.erb within layouts/application (Duration: 0.0ms | Allocations: 4)
Completed 200 OK in 8ms (Views: 7.2ms | ActiveRecord: 0.0ms | Allocations: 4176)


Started GET "/users/sign_in" for ::1 at 2019-10-28 12:42:34 -0300
Processing by Devise::SessionsController#new as HTML
  Rendering devise/sessions/new.html.erb within layouts/application
  Rendered devise/shared/_links.html.erb (Duration: 0.4ms | Allocations: 148)
  Rendered devise/shared/_form_wrap.html.erb (Duration: 0.1ms | Allocations: 11)
  Rendered devise/sessions/new.html.erb within layouts/application (Duration: 3.0ms | Allocations: 1219)
Completed 200 OK in 10ms (Views: 8.6ms | ActiveRecord: 0.0ms | Allocations: 5605)


Started POST "/users/sign_in" for ::1 at 2019-10-28 12:42:37 -0300
Processing by Devise::SessionsController#create as HTML
  Parameters: {"authenticity_token"=>"LO8FhVxRAo5i77Hdxnhno5YF7CHKd14VWfLGGcdNv8T+tUphrTMcHxcN4nSyCrY839HuD7hLcdQ9v0Q7iVLjeA==", "user"=>{"login"=>"jesus", "password"=>"[FILTERED]", "remember_me"=>"0"}, "commit"=>"Log in"}
  [1m[36mUser Load (0.2ms)[0m  [1m[34mSELECT "users".* FROM "users" WHERE (lower(username) = 'jesus' OR lower(email) = 'jesus') ORDER BY "users"."id" ASC LIMIT ?[0m  [["LIMIT", 1]]
  ↳ app/models/user.rb:24:in `find_for_database_authentication'
Completed 401 Unauthorized in 4ms (ActiveRecord: 0.2ms | Allocations: 1244)


Processing by Devise::SessionsController#new as HTML
  Parameters: {"authenticity_token"=>"LO8FhVxRAo5i77Hdxnhno5YF7CHKd14VWfLGGcdNv8T+tUphrTMcHxcN4nSyCrY839HuD7hLcdQ9v0Q7iVLjeA==", "user"=>{"login"=>"jesus", "password"=>"[FILTERED]", "remember_me"=>"0"}, "commit"=>"Log in"}
  Rendering devise/sessions/new.html.erb within layouts/application
  Rendered devise/shared/_links.html.erb (Duration: 0.2ms | Allocations: 148)
  Rendered devise/shared/_form_wrap.html.erb (Duration: 0.0ms | Allocations: 11)
  Rendered devise/sessions/new.html.erb within layouts/application (Duration: 1.7ms | Allocations: 1219)
Completed 200 OK in 125ms (Views: 6.2ms | ActiveRecord: 0.0ms | Allocations: 5496)


Started GET "/" for ::1 at 2019-10-28 12:42:39 -0300
Processing by HomeController#index as HTML
  Rendering home/index.html.erb within layouts/application
  Rendered home/index.html.erb within layouts/application (Duration: 0.1ms | Allocations: 4)
Completed 200 OK in 7ms (Views: 5.8ms | ActiveRecord: 0.0ms | Allocations: 4158)


Started GET "/" for ::1 at 2019-10-28 12:43:47 -0300
Processing by HomeController#index as HTML
  Rendering home/index.html.erb within layouts/application
  Rendered home/index.html.erb within layouts/application (Duration: 0.2ms | Allocations: 92)
Completed 200 OK in 9ms (Views: 8.4ms | ActiveRecord: 0.0ms | Allocations: 5656)


Started GET "/users/sign_in" for ::1 at 2019-10-28 12:44:11 -0300
Processing by Devise::SessionsController#new as HTML
  Rendering devise/sessions/new.html.erb within layouts/application
  Rendered devise/shared/_links.html.erb (Duration: 1.3ms | Allocations: 586)
  Rendered devise/shared/_form_wrap.html.erb (Duration: 0.3ms | Allocations: 116)
  Rendered devise/sessions/new.html.erb within layouts/application (Duration: 5.7ms | Allocations: 2435)
Completed 200 OK in 13ms (Views: 11.4ms | ActiveRecord: 0.0ms | Allocations: 7875)


Started GET "/users/sign_up" for ::1 at 2019-10-28 12:44:35 -0300
Processing by Devise::RegistrationsController#new as HTML
  Rendering devise/registrations/new.html.erb within layouts/application
  Rendered devise/shared/_error_messages.html.erb (Duration: 0.5ms | Allocations: 212)
  Rendered devise/shared/_links.html.erb (Duration: 1.2ms | Allocations: 523)
  Rendered devise/shared/_form_wrap.html.erb (Duration: 0.4ms | Allocations: 116)
  Rendered devise/registrations/new.html.erb within layouts/application (Duration: 9.0ms | Allocations: 3369)
Completed 200 OK in 21ms (Views: 20.1ms | ActiveRecord: 0.0ms | Allocations: 9463)


Started GET "/users/sign_in" for ::1 at 2019-10-28 12:44:38 -0300
Processing by Devise::SessionsController#new as HTML
  Rendering devise/sessions/new.html.erb within layouts/application
  Rendered devise/shared/_links.html.erb (Duration: 0.3ms | Allocations: 148)
  Rendered devise/shared/_form_wrap.html.erb (Duration: 0.1ms | Allocations: 11)
  Rendered devise/sessions/new.html.erb within layouts/application (Duration: 3.3ms | Allocations: 1612)
Completed 200 OK in 13ms (Views: 11.5ms | ActiveRecord: 0.0ms | Allocations: 6670)


Started GET "/users/sign_in" for ::1 at 2019-10-28 12:44:50 -0300
Processing by Devise::SessionsController#new as HTML
  Rendering devise/sessions/new.html.erb within layouts/application
  Rendered devise/shared/_links.html.erb (Duration: 0.7ms | Allocations: 586)
  Rendered devise/shared/_form_wrap.html.erb (Duration: 0.2ms | Allocations: 116)
  Rendered devise/sessions/new.html.erb within layouts/application (Duration: 3.2ms | Allocations: 2436)
Completed 200 OK in 13ms (Views: 10.8ms | ActiveRecord: 0.0ms | Allocations: 8604)


Started GET "/users/sign_in" for ::1 at 2019-10-28 12:45:13 -0300
Processing by Devise::SessionsController#new as HTML
  Rendering devise/sessions/new.html.erb within layouts/application
  Rendered devise/shared/_links.html.erb (Duration: 0.4ms | Allocations: 148)
  Rendered devise/shared/_form_wrap.html.erb (Duration: 0.3ms | Allocations: 11)
  Rendered devise/sessions/new.html.erb within layouts/application (Duration: 3.9ms | Allocations: 1225)
Completed 200 OK in 13ms (Views: 11.4ms | ActiveRecord: 0.0ms | Allocations: 5615)


Started POST "/users/sign_in" for ::1 at 2019-10-28 12:45:18 -0300
Processing by Devise::SessionsController#create as HTML
  Parameters: {"authenticity_token"=>"ZVcr2deMVomCQ/J6jdvZ95ykAAuZvKh+3+aspD4dmKK3DWQ9Ju5IGPehodP5qQho1XACJeuAh7+7qy6GcALEHg==", "user"=>{"login"=>"gdguesser", "password"=>"[FILTERED]", "remember_me"=>"0"}, "commit"=>"Log in"}
  [1m[36mUser Load (0.2ms)[0m  [1m[34mSELECT "users".* FROM "users" WHERE (lower(username) = 'gdguesser' OR lower(email) = 'gdguesser') ORDER BY "users"."id" ASC LIMIT ?[0m  [["LIMIT", 1]]
  ↳ app/models/user.rb:24:in `find_for_database_authentication'
Redirected to http://localhost:3000/
Completed 302 Found in 124ms (ActiveRecord: 0.2ms | Allocations: 3227)


Started GET "/" for ::1 at 2019-10-28 12:45:18 -0300
Processing by HomeController#index as HTML
  Rendering home/index.html.erb within layouts/application
  Rendered home/index.html.erb within layouts/application (Duration: 0.2ms | Allocations: 88)
  [1m[36mUser Load (0.2ms)[0m  [1m[34mSELECT "users".* FROM "users" WHERE "users"."id" = ? ORDER BY "users"."id" ASC LIMIT ?[0m  [["id", 1], ["LIMIT", 1]]
  ↳ app/views/layouts/application.html.erb:46
Completed 200 OK in 7ms (Views: 5.7ms | ActiveRecord: 0.2ms | Allocations: 5717)


Started GET "/" for ::1 at 2019-10-28 12:45:21 -0300
Processing by HomeController#index as HTML
  Rendering home/index.html.erb within layouts/application
  Rendered home/index.html.erb within layouts/application (Duration: 0.1ms | Allocations: 4)
  [1m[36mUser Load (0.1ms)[0m  [1m[34mSELECT "users".* FROM "users" WHERE "users"."id" = ? ORDER BY "users"."id" ASC LIMIT ?[0m  [["id", 1], ["LIMIT", 1]]
  ↳ app/views/layouts/application.html.erb:46
Completed 200 OK in 11ms (Views: 9.9ms | ActiveRecord: 0.1ms | Allocations: 4938)


Started GET "/" for ::1 at 2019-10-28 12:46:06 -0300
Processing by HomeController#index as HTML
  Rendering home/index.html.erb within layouts/application
  Rendered home/index.html.erb within layouts/application (Duration: 0.5ms | Allocations: 88)
  [1m[36mUser Load (0.1ms)[0m  [1m[34mSELECT "users".* FROM "users" WHERE "users"."id" = ? ORDER BY "users"."id" ASC LIMIT ?[0m  [["id", 1], ["LIMIT", 1]]
  ↳ app/views/layouts/application.html.erb:46
Completed 200 OK in 20ms (Views: 19.0ms | ActiveRecord: 0.1ms | Allocations: 6434)


Started GET "/" for ::1 at 2019-10-28 12:46:22 -0300
Processing by HomeController#index as HTML
  Rendering home/index.html.erb within layouts/application
  Rendered home/index.html.erb within layouts/application (Duration: 0.4ms | Allocations: 91)
  [1m[36mUser Load (0.1ms)[0m  [1m[34mSELECT "users".* FROM "users" WHERE "users"."id" = ? ORDER BY "users"."id" ASC LIMIT ?[0m  [["id", 1], ["LIMIT", 1]]
  ↳ app/views/layouts/application.html.erb:46
Completed 200 OK in 9ms (Views: 6.9ms | ActiveRecord: 0.1ms | Allocations: 6441)


Started DELETE "/users/sign_out" for ::1 at 2019-10-28 12:46:41 -0300
Processing by Devise::SessionsController#destroy as HTML
  Parameters: {"authenticity_token"=>"9ZY17Y3sjWUFRSju8qQzxDFlF+qctWuMh2cWxe6aQEv/TN9SARBL+XdnGa3swU3DhQm15YIidc9TGeBCW2Nb0g=="}
  [1m[36mUser Load (0.1ms)[0m  [1m[34mSELECT "users".* FROM "users" WHERE "users"."id" = ? ORDER BY "users"."id" ASC LIMIT ?[0m  [["id", 1], ["LIMIT", 1]]
Redirected to http://localhost:3000/
Completed 302 Found in 4ms (ActiveRecord: 0.1ms | Allocations: 2225)


Started GET "/" for ::1 at 2019-10-28 12:46:41 -0300
Processing by HomeController#index as HTML
  Rendering home/index.html.erb within layouts/application
  Rendered home/index.html.erb within layouts/application (Duration: 0.2ms | Allocations: 88)
Completed 200 OK in 6ms (Views: 5.2ms | ActiveRecord: 0.0ms | Allocations: 5664)


Started GET "/users/sign_in" for ::1 at 2019-10-28 12:46:42 -0300
Processing by Devise::SessionsController#new as HTML
  Rendering devise/sessions/new.html.erb within layouts/application
  Rendered devise/shared/_links.html.erb (Duration: 1.1ms | Allocations: 586)
  Rendered devise/shared/_form_wrap.html.erb (Duration: 0.9ms | Allocations: 116)
  Rendered devise/sessions/new.html.erb within layouts/application (Duration: 7.9ms | Allocations: 2440)
Completed 200 OK in 16ms (Views: 14.3ms | ActiveRecord: 0.0ms | Allocations: 7889)


Started GET "/users/sign_up" for ::1 at 2019-10-28 12:46:43 -0300
Processing by Devise::RegistrationsController#new as HTML
  Rendering devise/registrations/new.html.erb within layouts/application
  Rendered devise/shared/_error_messages.html.erb (Duration: 0.7ms | Allocations: 212)
  Rendered devise/shared/_links.html.erb (Duration: 0.1ms | Allocations: 87)
  Rendered devise/shared/_form_wrap.html.erb (Duration: 0.1ms | Allocations: 11)
  Rendered devise/registrations/new.html.erb within layouts/application (Duration: 5.6ms | Allocations: 2548)
Completed 200 OK in 13ms (Views: 11.2ms | ActiveRecord: 0.0ms | Allocations: 7534)


Started GET "/users/sign_in" for ::1 at 2019-10-28 12:46:44 -0300
Processing by Devise::SessionsController#new as HTML
  Rendering devise/sessions/new.html.erb within layouts/application
  Rendered devise/shared/_links.html.erb (Duration: 0.9ms | Allocations: 148)
  Rendered devise/shared/_form_wrap.html.erb (Duration: 0.1ms | Allocations: 11)
  Rendered devise/sessions/new.html.erb within layouts/application (Duration: 6.3ms | Allocations: 1228)
Completed 200 OK in 14ms (Views: 13.1ms | ActiveRecord: 0.0ms | Allocations: 5621)


Started POST "/users/sign_in" for ::1 at 2019-10-28 12:46:49 -0300
Processing by Devise::SessionsController#create as HTML
  Parameters: {"authenticity_token"=>"7ddlkU0xJskzvewhjROS+mpGY4aQEQKcz0u700d4Gt0EvDeFsMNHuh9Tz90fIIr7CUdF4PKbQKsfjuvN5F13SA==", "user"=>{"login"=>"gdguesser", "password"=>"[FILTERED]", "remember_me"=>"0"}, "commit"=>"Log in"}
  [1m[36mUser Load (0.2ms)[0m  [1m[34mSELECT "users".* FROM "users" WHERE (lower(username) = 'gdguesser' OR lower(email) = 'gdguesser') ORDER BY "users"."id" ASC LIMIT ?[0m  [["LIMIT", 1]]
  ↳ app/models/user.rb:24:in `find_for_database_authentication'
Redirected to http://localhost:3000/
Completed 302 Found in 124ms (ActiveRecord: 0.2ms | Allocations: 3238)


Started GET "/" for ::1 at 2019-10-28 12:46:49 -0300
Processing by HomeController#index as HTML
  Rendering home/index.html.erb within layouts/application
  Rendered home/index.html.erb within layouts/application (Duration: 0.0ms | Allocations: 4)
  [1m[36mUser Load (0.1ms)[0m  [1m[34mSELECT "users".* FROM "users" WHERE "users"."id" = ? ORDER BY "users"."id" ASC LIMIT ?[0m  [["id", 1], ["LIMIT", 1]]
  ↳ app/views/layouts/application.html.erb:46
Completed 200 OK in 7ms (Views: 6.0ms | ActiveRecord: 0.1ms | Allocations: 4957)


Started GET "/" for ::1 at 2019-10-28 12:46:58 -0300
Processing by HomeController#index as HTML
  Rendering home/index.html.erb within layouts/application
  Rendered home/index.html.erb within layouts/application (Duration: 1.0ms | Allocations: 88)
  [1m[36mUser Load (0.1ms)[0m  [1m[34mSELECT "users".* FROM "users" WHERE "users"."id" = ? ORDER BY "users"."id" ASC LIMIT ?[0m  [["id", 1], ["LIMIT", 1]]
  ↳ app/views/layouts/application.html.erb:46
Completed 200 OK in 12ms (Views: 10.6ms | ActiveRecord: 0.1ms | Allocations: 6432)


Started GET "/" for ::1 at 2019-10-28 12:47:21 -0300
Processing by HomeController#index as HTML
  Rendering home/index.html.erb within layouts/application
  Rendered home/index.html.erb within layouts/application (Duration: 0.9ms | Allocations: 88)
  [1m[36mUser Load (0.1ms)[0m  [1m[34mSELECT "users".* FROM "users" WHERE "users"."id" = ? ORDER BY "users"."id" ASC LIMIT ?[0m  [["id", 1], ["LIMIT", 1]]
  ↳ app/views/layouts/application.html.erb:46
Completed 200 OK in 10ms (Views: 8.7ms | ActiveRecord: 0.1ms | Allocations: 6429)


Started GET "/" for ::1 at 2019-10-28 12:47:40 -0300
Processing by HomeController#index as HTML
  Rendering home/index.html.erb within layouts/application
  Rendered home/index.html.erb within layouts/application (Duration: 0.6ms | Allocations: 88)
  [1m[36mUser Load (0.1ms)[0m  [1m[34mSELECT "users".* FROM "users" WHERE "users"."id" = ? ORDER BY "users"."id" ASC LIMIT ?[0m  [["id", 1], ["LIMIT", 1]]
  ↳ app/views/layouts/application.html.erb:46
Completed 200 OK in 11ms (Views: 8.0ms | ActiveRecord: 0.1ms | Allocations: 6433)


Started GET "/" for ::1 at 2019-10-28 12:47:51 -0300
Processing by HomeController#index as HTML
  Rendering home/index.html.erb within layouts/application
  Rendered home/index.html.erb within layouts/application (Duration: 0.2ms | Allocations: 88)
  [1m[36mUser Load (0.3ms)[0m  [1m[34mSELECT "users".* FROM "users" WHERE "users"."id" = ? ORDER BY "users"."id" ASC LIMIT ?[0m  [["id", 1], ["LIMIT", 1]]
  ↳ app/views/layouts/application.html.erb:46
Completed 200 OK in 9ms (Views: 8.3ms | ActiveRecord: 0.3ms | Allocations: 6423)


Started GET "/" for ::1 at 2019-10-28 12:48:12 -0300
Processing by HomeController#index as HTML
  Rendering home/index.html.erb within layouts/application
  Rendered home/index.html.erb within layouts/application (Duration: 0.2ms | Allocations: 88)
  [1m[36mUser Load (0.1ms)[0m  [1m[34mSELECT "users".* FROM "users" WHERE "users"."id" = ? ORDER BY "users"."id" ASC LIMIT ?[0m  [["id", 1], ["LIMIT", 1]]
  ↳ app/views/layouts/application.html.erb:46
Completed 200 OK in 9ms (Views: 7.9ms | ActiveRecord: 0.1ms | Allocations: 6426)


Started GET "/" for ::1 at 2019-10-28 12:48:22 -0300
Processing by HomeController#index as HTML
  Rendering home/index.html.erb within layouts/application
  Rendered home/index.html.erb within layouts/application (Duration: 0.2ms | Allocations: 88)
  [1m[36mUser Load (0.1ms)[0m  [1m[34mSELECT "users".* FROM "users" WHERE "users"."id" = ? ORDER BY "users"."id" ASC LIMIT ?[0m  [["id", 1], ["LIMIT", 1]]
  ↳ app/views/layouts/application.html.erb:46
Completed 200 OK in 7ms (Views: 6.4ms | ActiveRecord: 0.1ms | Allocations: 6425)


Started GET "/" for ::1 at 2019-10-28 12:48:52 -0300
Processing by HomeController#index as HTML
  Rendering home/index.html.erb within layouts/application
  Rendered home/index.html.erb within layouts/application (Duration: 0.2ms | Allocations: 88)
  [1m[36mUser Load (0.6ms)[0m  [1m[34mSELECT "users".* FROM "users" WHERE "users"."id" = ? ORDER BY "users"."id" ASC LIMIT ?[0m  [["id", 1], ["LIMIT", 1]]
  ↳ app/views/layouts/application.html.erb:49
Completed 200 OK in 13ms (Views: 12.2ms | ActiveRecord: 0.6ms | Allocations: 6473)


Started GET "/" for ::1 at 2019-10-28 12:49:02 -0300
Processing by HomeController#index as HTML
  Rendering home/index.html.erb within layouts/application
  Rendered home/index.html.erb within layouts/application (Duration: 0.3ms | Allocations: 88)
  [1m[36mUser Load (0.1ms)[0m  [1m[34mSELECT "users".* FROM "users" WHERE "users"."id" = ? ORDER BY "users"."id" ASC LIMIT ?[0m  [["id", 1], ["LIMIT", 1]]
  ↳ app/views/layouts/application.html.erb:46
Completed 200 OK in 11ms (Views: 8.8ms | ActiveRecord: 0.1ms | Allocations: 6428)


Started GET "/" for ::1 at 2019-10-28 12:49:29 -0300
Processing by HomeController#index as HTML
  Rendering home/index.html.erb within layouts/application
  Rendered home/index.html.erb within layouts/application (Duration: 0.0ms | Allocations: 4)
  [1m[36mUser Load (0.2ms)[0m  [1m[34mSELECT "users".* FROM "users" WHERE "users"."id" = ? ORDER BY "users"."id" ASC LIMIT ?[0m  [["id", 1], ["LIMIT", 1]]
  ↳ app/views/layouts/application.html.erb:46
Completed 200 OK in 11ms (Views: 10.0ms | ActiveRecord: 0.2ms | Allocations: 4936)


Started GET "/" for ::1 at 2019-10-28 12:49:30 -0300
Processing by HomeController#index as HTML
  Rendering home/index.html.erb within layouts/application
  Rendered home/index.html.erb within layouts/application (Duration: 0.0ms | Allocations: 4)
  [1m[36mUser Load (0.2ms)[0m  [1m[34mSELECT "users".* FROM "users" WHERE "users"."id" = ? ORDER BY "users"."id" ASC LIMIT ?[0m  [["id", 1], ["LIMIT", 1]]
  ↳ app/views/layouts/application.html.erb:46
Completed 200 OK in 9ms (Views: 7.7ms | ActiveRecord: 0.2ms | Allocations: 4938)


Started GET "/" for ::1 at 2019-10-28 12:49:31 -0300
Processing by HomeController#index as HTML
  Rendering home/index.html.erb within layouts/application
  Rendered home/index.html.erb within layouts/application (Duration: 0.1ms | Allocations: 4)
  [1m[36mUser Load (0.2ms)[0m  [1m[34mSELECT "users".* FROM "users" WHERE "users"."id" = ? ORDER BY "users"."id" ASC LIMIT ?[0m  [["id", 1], ["LIMIT", 1]]
  ↳ app/views/layouts/application.html.erb:46
Completed 200 OK in 10ms (Views: 9.3ms | ActiveRecord: 0.2ms | Allocations: 4937)


Started GET "/" for ::1 at 2019-10-28 12:50:11 -0300
Processing by HomeController#index as HTML
  Rendering home/index.html.erb within layouts/application
  Rendered home/index.html.erb within layouts/application (Duration: 0.2ms | Allocations: 88)
  [1m[36mUser Load (0.3ms)[0m  [1m[34mSELECT "users".* FROM "users" WHERE "users"."id" = ? ORDER BY "users"."id" ASC LIMIT ?[0m  [["id", 1], ["LIMIT", 1]]
  ↳ app/views/layouts/application.html.erb:47
Completed 200 OK in 11ms (Views: 9.4ms | ActiveRecord: 0.3ms | Allocations: 6463)


Started GET "/" for ::1 at 2019-10-28 12:50:14 -0300
Processing by HomeController#index as HTML
  Rendering home/index.html.erb within layouts/application
  Rendered home/index.html.erb within layouts/application (Duration: 0.1ms | Allocations: 4)
  [1m[36mUser Load (0.1ms)[0m  [1m[34mSELECT "users".* FROM "users" WHERE "users"."id" = ? ORDER BY "users"."id" ASC LIMIT ?[0m  [["id", 1], ["LIMIT", 1]]
  ↳ app/views/layouts/application.html.erb:47
Completed 200 OK in 8ms (Views: 7.0ms | ActiveRecord: 0.1ms | Allocations: 4962)


Started GET "/" for ::1 at 2019-10-28 12:50:14 -0300
Processing by HomeController#index as HTML
  Rendering home/index.html.erb within layouts/application
  Rendered home/index.html.erb within layouts/application (Duration: 0.1ms | Allocations: 4)
  [1m[36mUser Load (0.1ms)[0m  [1m[34mSELECT "users".* FROM "users" WHERE "users"."id" = ? ORDER BY "users"."id" ASC LIMIT ?[0m  [["id", 1], ["LIMIT", 1]]
  ↳ app/views/layouts/application.html.erb:47
Completed 200 OK in 11ms (Views: 9.9ms | ActiveRecord: 0.1ms | Allocations: 4954)


Started GET "/" for ::1 at 2019-10-28 12:50:16 -0300
Processing by HomeController#index as HTML
  Rendering home/index.html.erb within layouts/application
  Rendered home/index.html.erb within layouts/application (Duration: 0.0ms | Allocations: 4)
  [1m[36mUser Load (0.5ms)[0m  [1m[34mSELECT "users".* FROM "users" WHERE "users"."id" = ? ORDER BY "users"."id" ASC LIMIT ?[0m  [["id", 1], ["LIMIT", 1]]
  ↳ app/views/layouts/application.html.erb:47
Completed 200 OK in 18ms (Views: 14.4ms | ActiveRecord: 0.5ms | Allocations: 4952)


